sudoq-app/sudoqapp/build/outputs/logs/manifest-merger-debug-report.txt
-- Merging decision tree log ---
manifest
ADDED from AndroidManifest.xml:6:1
	xmlns:android
		ADDED from AndroidManifest.xml:6:11
	package
		ADDED from AndroidManifest.xml:7:5
		INJECTED from AndroidManifest.xml:0:0
		INJECTED from AndroidManifest.xml:0:0
	android:versionName
		ADDED from AndroidManifest.xml:9:5
	android:versionCode
		ADDED from AndroidManifest.xml:8:5
		INJECTED from AndroidManifest.xml:0:0
		INJECTED from AndroidManifest.xml:0:0
	android:installLocation
		ADDED from AndroidManifest.xml:10:5
uses-sdk
ADDED from AndroidManifest.xml:12:5
MERGED from com.actionbarsherlock:actionbarsherlock:4.4.0:3:3
	android:targetSdkVersion
		INJECTED from AndroidManifest.xml:0:0
		INJECTED from AndroidManifest.xml:0:0
	android:minSdkVersion
		ADDED from AndroidManifest.xml:12:15
		INJECTED from AndroidManifest.xml:0:0
		INJECTED from AndroidManifest.xml:0:0
application
ADDED from AndroidManifest.xml:14:5
MERGED from com.actionbarsherlock:actionbarsherlock:4.4.0:4:3
	android:label
		ADDED from AndroidManifest.xml:16:9
	android:icon
		ADDED from AndroidManifest.xml:15:9
	android:theme
		ADDED from AndroidManifest.xml:17:9
	android:allowClearUserData
		ADDED from AndroidManifest.xml:16:42
activity#de.sudoq.controller.menus.SplashActivity
ADDED from AndroidManifest.xml:18:9
	android:noHistory
		ADDED from AndroidManifest.xml:18:67
	android:configChanges
		ADDED from AndroidManifest.xml:19:67
	android:theme
		ADDED from AndroidManifest.xml:21:67
	android:windowActionBar
		ADDED from AndroidManifest.xml:20:67
	android:name
		ADDED from AndroidManifest.xml:18:19
intent-filter#android.intent.action.MAIN+android.intent.category.LAUNCHER
ADDED from AndroidManifest.xml:22:13
action#android.intent.action.MAIN
ADDED from AndroidManifest.xml:23:17
	android:name
		ADDED from AndroidManifest.xml:23:25
category#android.intent.category.LAUNCHER
ADDED from AndroidManifest.xml:24:17
	android:name
		ADDED from AndroidManifest.xml:24:27
activity#de.sudoq.controller.SudoqActivitySherlock
ADDED from AndroidManifest.xml:27:9
	android:name
		ADDED from AndroidManifest.xml:27:19
activity#de.sudoq.controller.menus.MainActivity
ADDED from AndroidManifest.xml:28:9
	android:name
		ADDED from AndroidManifest.xml:28:19
activity#de.sudoq.controller.menus.GameTypeSelectionActivity
ADDED from AndroidManifest.xml:29:9
	android:name
		ADDED from AndroidManifest.xml:29:19
activity#de.sudoq.controller.menus.GestureBuilder
ADDED from AndroidManifest.xml:30:9
	android:label
		ADDED from AndroidManifest.xml:30:67
	android:name
		ADDED from AndroidManifest.xml:30:19
activity#de.sudoq.controller.sudoku.SudokuActivity
ADDED from AndroidManifest.xml:31:9
	android:name
		ADDED from AndroidManifest.xml:31:19
activity#de.sudoq.controller.menus.SudokuLoadingActivity
ADDED from AndroidManifest.xml:32:9
	android:noHistory
		ADDED from AndroidManifest.xml:32:78
	android:configChanges
		ADDED from AndroidManifest.xml:33:78
	android:name
		ADDED from AndroidManifest.xml:32:19
activity#de.sudoq.controller.menus.NewSudokuConfigurationActivity
ADDED from AndroidManifest.xml:34:9
	android:label
		ADDED from AndroidManifest.xml:34:91
	android:name
		ADDED from AndroidManifest.xml:34:19
activity#de.sudoq.controller.menus.preferences.AdvancedPreferencesActivity
ADDED from AndroidManifest.xml:35:9
	android:label
		ADDED from AndroidManifest.xml:35:101
	android:name
		ADDED from AndroidManifest.xml:35:19
activity#de.sudoq.controller.menus.preferences.RestrictTypesActivity
ADDED from AndroidManifest.xml:36:9
	android:label
		ADDED from AndroidManifest.xml:36:101
	android:name
		ADDED from AndroidManifest.xml:36:19
activity#de.sudoq.controller.menus.preferences.NewSudokuPreferencesActivity
ADDED from AndroidManifest.xml:37:9
	android:label
		ADDED from AndroidManifest.xml:37:101
	android:name
		ADDED from AndroidManifest.xml:37:19
activity#de.sudoq.controller.menus.preferences.PlayerPreferencesActivity
ADDED from AndroidManifest.xml:38:9
	android:windowSoftInputMode
		ADDED from AndroidManifest.xml:39:78
	android:label
		ADDED from AndroidManifest.xml:38:101
	android:name
		ADDED from AndroidManifest.xml:38:19
activity#de.sudoq.controller.menus.StatisticsActivity
ADDED from AndroidManifest.xml:40:9
	android:label
		ADDED from AndroidManifest.xml:40:72
	android:name
		ADDED from AndroidManifest.xml:40:19
activity#de.sudoq.controller.menus.ProfileListActivity
ADDED from AndroidManifest.xml:41:9
	android:theme
		ADDED from AndroidManifest.xml:41:72
	android:name
		ADDED from AndroidManifest.xml:41:19
activity#de.sudoq.controller.tutorial.TutorialActivity
ADDED from AndroidManifest.xml:42:9
	android:name
		ADDED from AndroidManifest.xml:42:19
activity#de.sudoq.controller.tutorial.TutorialSudokuActivity
ADDED from AndroidManifest.xml:43:9
	android:name
		ADDED from AndroidManifest.xml:43:19
activity#de.sudoq.controller.tutorial.TutorialAssistancesActivity
ADDED from AndroidManifest.xml:44:9
	android:name
		ADDED from AndroidManifest.xml:44:19
activity#de.sudoq.controller.tutorial.TutorialActionTreeActivity
ADDED from AndroidManifest.xml:45:9
	android:name
		ADDED from AndroidManifest.xml:45:19